<?xml version="1.0" encoding="UTF-8"?>
<testsuite name="DavidApp.DavidAppServer.AwsAPITest" time="0.034" tests="1" errors="0" skipped="0" failures="1">
  <properties>
[...]
</properties>
  <testcase name="awsAPITest" classname="DavidApp.DavidAppServer.AwsAPITest" time="0.034">
    <failure message="Status expected:&lt;200&gt; but was:&lt;404&gt;" type="java.lang.AssertionError"><![CDATA[java.lang.AssertionError: Status expected:<200> but was:<404>
	at org.springframework.test.util.AssertionErrors.fail(AssertionErrors.java:54)
	at org.springframework.test.util.AssertionErrors.assertEquals(AssertionErrors.java:81)
	at org.springframework.test.web.servlet.result.StatusResultMatchers$10.match(StatusResultMatchers.java:665)
	at org.springframework.test.web.servlet.MockMvc$1.andExpect(MockMvc.java:171)
	at DavidApp.DavidAppServer.AwsAPITest.awsAPITest(AwsAPITest.java:37)
]]></failure>
    <system-out><![CDATA[17:33 INFO  o.s.b.t.a.w.s.WebMvcTestContextBootstrapper - Neither @ContextConfiguration nor @ContextHierarchy found for test class [DavidApp.DavidAppServer.AwsAPITest], using SpringBootContextLoader
17:33 INFO  o.s.t.c.s.AbstractContextLoader - Could not detect default resource locations for test class [DavidApp.DavidAppServer.AwsAPITest]: no resource found for suffixes {-context.xml, Context.groovy}.
17:33 INFO  o.s.t.c.s.AnnotationConfigContextLoaderUtils - Could not detect default configuration classes for test class [DavidApp.DavidAppServer.AwsAPITest]: AwsAPITest does not declare any static, non-private, non-final, nested classes annotated with @Configuration.
17:33 INFO  o.s.b.t.c.SpringBootTestContextBootstrapper - Found @SpringBootConfiguration DavidApp.DavidAppServer.App for test class DavidApp.DavidAppServer.AwsAPITest
17:33 INFO  o.s.b.t.a.w.s.WebMvcTestContextBootstrapper - Loaded default TestExecutionListener class names from location [META-INF/spring.factories]: [org.springframework.boot.test.mock.mockito.MockitoTestExecutionListener, org.springframework.boot.test.mock.mockito.ResetMocksTestExecutionListener, org.springframework.boot.test.autoconfigure.restdocs.RestDocsTestExecutionListener, org.springframework.boot.test.autoconfigure.web.client.MockRestServiceServerResetTestExecutionListener, org.springframework.boot.test.autoconfigure.web.servlet.MockMvcPrintOnlyOnFailureTestExecutionListener, org.springframework.boot.test.autoconfigure.web.servlet.WebDriverTestExecutionListener, org.springframework.test.context.web.ServletTestExecutionListener, org.springframework.test.context.support.DirtiesContextBeforeModesTestExecutionListener, org.springframework.test.context.support.DependencyInjectionTestExecutionListener, org.springframework.test.context.support.DirtiesContextTestExecutionListener, org.springframework.test.context.transaction.TransactionalTestExecutionListener, org.springframework.test.context.jdbc.SqlScriptsTestExecutionListener]
17:33 INFO  o.s.b.t.a.w.s.WebMvcTestContextBootstrapper - Using TestExecutionListeners: [org.springframework.test.context.web.ServletTestExecutionListener@6661d8c0, org.springframework.test.context.support.DirtiesContextBeforeModesTestExecutionListener@310b2b6f, org.springframework.boot.test.autoconfigure.SpringBootDependencyInjectionTestExecutionListener@6909f6be, org.springframework.test.context.support.DirtiesContextTestExecutionListener@6b5ab2f2, org.springframework.test.context.transaction.TransactionalTestExecutionListener@315c081, org.springframework.test.context.jdbc.SqlScriptsTestExecutionListener@6b2dd3df, org.springframework.boot.test.autoconfigure.web.client.MockRestServiceServerResetTestExecutionListener@4db77402, org.springframework.boot.test.autoconfigure.web.servlet.MockMvcPrintOnlyOnFailureTestExecutionListener@73c48264, org.springframework.boot.test.autoconfigure.restdocs.RestDocsTestExecutionListener@5ef85555, org.springframework.boot.test.mock.mockito.MockitoTestExecutionListener@5bcec67e, org.springframework.boot.test.autoconfigure.web.servlet.WebDriverTestExecutionListener@2dafae61, org.springframework.boot.test.mock.mockito.ResetMocksTestExecutionListener@7a2fce12]

  .   ____          _            __ _ _
 /\\ / ___'_ __ _ _(_)_ __  __ _ \ \ \ \
( ( )\___ | '_ | '_| | '_ \/ _` | \ \ \ \
 \\/  ___)| |_)| | | | | || (_| |  ) ) ) )
  '  |____| .__|_| |_|_| |_\__, | / / / /
 =========|_|==============|___/=/_/_/_/
&amp#27;[32m :: Spring Boot :: &amp#27;[39m      &amp#27;[2m (v1.5.9.RELEASE)&amp#27;[0;39m

17:33 INFO  DavidApp.DavidAppServer.AwsAPITest - Starting AwsAPITest on Davids-MacBook-Air.local with PID 13798 (started by davidshin in /Users/davidshin/git/DavidAppServer/DavidAppServer)
17:33 INFO  DavidApp.DavidAppServer.AwsAPITest - No active profile set, falling back to default profiles: default
17:33 INFO  o.s.w.c.s.GenericWebApplicationContext - Refreshing org.springframework.web.context.support.GenericWebApplicationContext@36c7cbe1: startup date [Sun Sep 01 17:33:01 KST 2019]; root of context hierarchy
17:33 INFO  o.s.w.s.m.m.a.RequestMappingHandlerAdapter - Looking for @ControllerAdvice: org.springframework.web.context.support.GenericWebApplicationContext@36c7cbe1: startup date [Sun Sep 01 17:33:01 KST 2019]; root of context hierarchy
17:33 INFO  o.s.w.s.m.m.a.RequestMappingHandlerMapping - Mapped "{[/awsRecogTest]}" onto public java.lang.String DavidApp.DavidAppServer.controller.AwsRecogController.awsrecogtest() throws java.io.IOException
17:33 INFO  o.s.w.s.m.m.a.RequestMappingHandlerMapping - Mapped "{[/error]}" onto public org.springframework.http.ResponseEntity<java.util.Map<java.lang.String, java.lang.Object>> org.springframework.boot.autoconfigure.web.BasicErrorController.error(javax.servlet.http.HttpServletRequest)
17:33 INFO  o.s.w.s.m.m.a.RequestMappingHandlerMapping - Mapped "{[/error],produces=[text/html]}" onto public org.springframework.web.servlet.ModelAndView org.springframework.boot.autoconfigure.web.BasicErrorController.errorHtml(javax.servlet.http.HttpServletRequest,javax.servlet.http.HttpServletResponse)
17:33 INFO  o.s.w.s.h.SimpleUrlHandlerMapping - Mapped URL path [/webjars/**] onto handler of type [class org.springframework.web.servlet.resource.ResourceHttpRequestHandler]
17:33 INFO  o.s.w.s.h.SimpleUrlHandlerMapping - Mapped URL path [/**] onto handler of type [class org.springframework.web.servlet.resource.ResourceHttpRequestHandler]
17:33 INFO  o.s.w.s.h.SimpleUrlHandlerMapping - Mapped URL path [/**/favicon.ico] onto handler of type [class org.springframework.web.servlet.resource.ResourceHttpRequestHandler]
17:33 INFO  o.s.b.t.m.w.SpringBootMockServletContext - Initializing Spring FrameworkServlet ''
17:33 INFO  o.s.t.w.s.TestDispatcherServlet - FrameworkServlet '': initialization started
17:33 INFO  o.s.t.w.s.TestDispatcherServlet - FrameworkServlet '': initialization completed in 13 ms
17:33 INFO  DavidApp.DavidAppServer.AwsAPITest - Started AwsAPITest in 0.849 seconds (JVM running for 6.175)

MockHttpServletRequest:
      HTTP Method = GET
      Request URI = /available
       Parameters = {}
          Headers = {}

Handler:
             Type = org.springframework.web.servlet.resource.ResourceHttpRequestHandler

Async:
    Async started = false
     Async result = null

Resolved Exception:
             Type = null

ModelAndView:
        View name = null
             View = null
            Model = null

FlashMap:
       Attributes = null

MockHttpServletResponse:
           Status = 404
    Error message = null
          Headers = {}
     Content type = null
             Body = 
    Forwarded URL = null
   Redirected URL = null
          Cookies = []
]]></system-out>
  </testcase>
</testsuite>